mode: set
github.com/yonahd/kor/pkg/filters/filters.go:19.64,20.44 1 1
github.com/yonahd/kor/pkg/filters/filters.go:20.44,21.45 1 1
github.com/yonahd/kor/pkg/filters/filters.go:21.45,23.4 1 1
github.com/yonahd/kor/pkg/filters/filters.go:25.2,25.14 1 1
github.com/yonahd/kor/pkg/filters/filters.go:29.61,30.44 1 1
github.com/yonahd/kor/pkg/filters/filters.go:30.44,31.85 1 1
github.com/yonahd/kor/pkg/filters/filters.go:31.85,33.4 1 1
github.com/yonahd/kor/pkg/filters/filters.go:35.2,35.14 1 0
github.com/yonahd/kor/pkg/filters/filters.go:39.59,40.44 1 1
github.com/yonahd/kor/pkg/filters/filters.go:40.44,41.80 1 1
github.com/yonahd/kor/pkg/filters/filters.go:41.80,43.4 1 1
github.com/yonahd/kor/pkg/filters/filters.go:45.2,45.14 1 1
github.com/yonahd/kor/pkg/filters/filters.go:49.95,50.27 1 1
github.com/yonahd/kor/pkg/filters/filters.go:50.27,52.3 1 0
github.com/yonahd/kor/pkg/filters/filters.go:53.2,54.16 2 1
github.com/yonahd/kor/pkg/filters/filters.go:54.16,56.3 1 0
github.com/yonahd/kor/pkg/filters/filters.go:58.2,59.39 2 1
github.com/yonahd/kor/pkg/filters/filters.go:67.82,68.62 1 1
github.com/yonahd/kor/pkg/filters/filters.go:68.62,70.3 1 0
github.com/yonahd/kor/pkg/filters/filters.go:75.2,75.62 1 1
github.com/yonahd/kor/pkg/filters/filters.go:75.62,77.3 1 1
github.com/yonahd/kor/pkg/filters/filters.go:80.2,80.32 1 1
github.com/yonahd/kor/pkg/filters/filters.go:80.32,82.17 2 1
github.com/yonahd/kor/pkg/filters/filters.go:82.17,84.4 1 0
github.com/yonahd/kor/pkg/filters/filters.go:85.3,85.56 1 1
github.com/yonahd/kor/pkg/filters/filters.go:89.2,89.32 1 1
github.com/yonahd/kor/pkg/filters/filters.go:89.32,91.17 2 1
github.com/yonahd/kor/pkg/filters/filters.go:91.17,93.4 1 0
github.com/yonahd/kor/pkg/filters/filters.go:94.3,94.56 1 1
github.com/yonahd/kor/pkg/filters/filters.go:97.2,97.18 1 0
github.com/yonahd/kor/pkg/filters/frameworks.go:7.47,9.2 1 0
github.com/yonahd/kor/pkg/filters/frameworks.go:16.79,17.34 1 0
github.com/yonahd/kor/pkg/filters/frameworks.go:17.34,18.26 1 0
github.com/yonahd/kor/pkg/filters/frameworks.go:18.26,19.12 1 0
github.com/yonahd/kor/pkg/filters/frameworks.go:21.3,21.24 1 0
github.com/yonahd/kor/pkg/filters/frameworks.go:21.24,23.4 1 0
github.com/yonahd/kor/pkg/filters/frameworks.go:25.2,25.19 1 0
github.com/yonahd/kor/pkg/filters/frameworks.go:28.79,30.9 2 0
github.com/yonahd/kor/pkg/filters/frameworks.go:30.9,32.3 1 0
github.com/yonahd/kor/pkg/filters/frameworks.go:33.2,33.31 1 0
github.com/yonahd/kor/pkg/filters/frameworks.go:37.74,41.2 3 0
github.com/yonahd/kor/pkg/filters/frameworks.go:43.70,47.2 3 0
github.com/yonahd/kor/pkg/filters/frameworks.go:49.61,53.2 3 0
github.com/yonahd/kor/pkg/filters/frameworks.go:55.55,59.2 3 0
github.com/yonahd/kor/pkg/filters/frameworks.go:61.62,63.23 2 0
github.com/yonahd/kor/pkg/filters/frameworks.go:63.23,66.29 3 0
github.com/yonahd/kor/pkg/filters/frameworks.go:66.29,68.4 1 0
github.com/yonahd/kor/pkg/filters/frameworks.go:72.47,73.28 1 0
github.com/yonahd/kor/pkg/filters/frameworks.go:73.28,74.16 1 0
github.com/yonahd/kor/pkg/filters/frameworks.go:74.16,76.4 1 0
github.com/yonahd/kor/pkg/filters/frameworks.go:78.2,78.14 1 0
github.com/yonahd/kor/pkg/filters/options.go:46.34,52.2 1 0
github.com/yonahd/kor/pkg/filters/options.go:55.36,56.57 1 0
github.com/yonahd/kor/pkg/filters/options.go:56.57,58.3 1 0
github.com/yonahd/kor/pkg/filters/options.go:59.2,59.57 1 0
github.com/yonahd/kor/pkg/filters/options.go:59.57,61.3 1 0
github.com/yonahd/kor/pkg/filters/options.go:64.2,64.23 1 0
github.com/yonahd/kor/pkg/filters/options.go:64.23,66.17 2 0
github.com/yonahd/kor/pkg/filters/options.go:66.17,68.4 1 0
github.com/yonahd/kor/pkg/filters/options.go:69.3,69.20 1 0
github.com/yonahd/kor/pkg/filters/options.go:69.20,71.4 1 0
github.com/yonahd/kor/pkg/filters/options.go:75.2,75.23 1 0
github.com/yonahd/kor/pkg/filters/options.go:75.23,77.17 2 0
github.com/yonahd/kor/pkg/filters/options.go:77.17,79.4 1 0
github.com/yonahd/kor/pkg/filters/options.go:80.3,80.20 1 0
github.com/yonahd/kor/pkg/filters/options.go:80.20,82.4 1 0
github.com/yonahd/kor/pkg/filters/options.go:85.2,85.12 1 0
github.com/yonahd/kor/pkg/filters/options.go:89.28,91.2 1 0
github.com/yonahd/kor/pkg/filters/options.go:94.71,95.19 1 0
github.com/yonahd/kor/pkg/filters/options.go:95.19,98.67 3 0
github.com/yonahd/kor/pkg/filters/options.go:98.67,101.4 2 0
github.com/yonahd/kor/pkg/filters/options.go:102.3,105.17 4 0
github.com/yonahd/kor/pkg/filters/options.go:105.17,108.4 2 0
github.com/yonahd/kor/pkg/filters/options.go:109.3,109.35 1 0
github.com/yonahd/kor/pkg/filters/options.go:109.35,110.43 1 0
github.com/yonahd/kor/pkg/filters/options.go:110.43,112.5 1 0
github.com/yonahd/kor/pkg/filters/options.go:113.4,113.41 1 0
github.com/yonahd/kor/pkg/filters/options.go:113.41,114.47 1 0
github.com/yonahd/kor/pkg/filters/options.go:114.47,116.6 1 0
github.com/yonahd/kor/pkg/filters/options.go:116.11,118.6 1 0
github.com/yonahd/kor/pkg/filters/options.go:120.9,121.43 1 0
github.com/yonahd/kor/pkg/filters/options.go:121.43,123.5 1 0
github.com/yonahd/kor/pkg/filters/options.go:124.4,124.41 1 0
github.com/yonahd/kor/pkg/filters/options.go:124.41,125.47 1 0
github.com/yonahd/kor/pkg/filters/options.go:125.47,127.6 1 0
github.com/yonahd/kor/pkg/filters/options.go:130.3,130.33 1 0
github.com/yonahd/kor/pkg/filters/options.go:130.33,131.25 1 0
github.com/yonahd/kor/pkg/filters/options.go:131.25,133.5 1 0
github.com/yonahd/kor/pkg/filters/options.go:135.3,135.27 1 0
github.com/yonahd/kor/pkg/filters/options.go:137.2,137.20 1 0
github.com/yonahd/kor/pkg/filters/options.go:140.34,141.27 1 0
github.com/yonahd/kor/pkg/filters/options.go:141.27,142.28 1 0
github.com/yonahd/kor/pkg/filters/options.go:142.28,144.4 1 0
github.com/yonahd/kor/pkg/filters/options.go:145.3,145.23 1 0
github.com/yonahd/kor/pkg/filters/registry.go:5.36,11.2 1 0
github.com/yonahd/kor/pkg/filters/registry.go:16.66,17.26 1 0
github.com/yonahd/kor/pkg/filters/registry.go:17.26,19.3 1 0
github.com/yonahd/kor/pkg/filters/registry.go:20.2,21.12 2 0
github.com/yonahd/kor/pkg/filters/registry.go:24.49,25.27 1 0
github.com/yonahd/kor/pkg/filters/registry.go:25.27,27.3 1 0
github.com/yonahd/kor/pkg/filters/registry.go:28.2,29.12 2 0
github.com/yonahd/kor/pkg/filters/registry.go:32.44,33.31 1 0
github.com/yonahd/kor/pkg/filters/registry.go:33.31,34.50 1 0
github.com/yonahd/kor/pkg/filters/registry.go:34.50,36.4 1 0
github.com/yonahd/kor/pkg/filters/registry.go:38.2,38.12 1 0
github.com/yonahd/kor/pkg/kor/all.go:26.111,28.16 2 0
github.com/yonahd/kor/pkg/kor/all.go:28.16,30.3 1 0
github.com/yonahd/kor/pkg/kor/all.go:31.2,32.24 2 0
github.com/yonahd/kor/pkg/kor/all.go:35.112,37.16 2 0
github.com/yonahd/kor/pkg/kor/all.go:37.16,39.3 1 0
github.com/yonahd/kor/pkg/kor/all.go:40.2,41.25 2 0
github.com/yonahd/kor/pkg/kor/all.go:44.115,46.16 2 0
github.com/yonahd/kor/pkg/kor/all.go:46.16,48.3 1 0
github.com/yonahd/kor/pkg/kor/all.go:49.2,50.28 2 0
github.com/yonahd/kor/pkg/kor/all.go:53.123,55.16 2 0
github.com/yonahd/kor/pkg/kor/all.go:55.16,57.3 1 0
github.com/yonahd/kor/pkg/kor/all.go:58.2,59.24 2 0
github.com/yonahd/kor/pkg/kor/all.go:62.119,64.16 2 0
github.com/yonahd/kor/pkg/kor/all.go:64.16,66.3 1 0
github.com/yonahd/kor/pkg/kor/all.go:67.2,68.24 2 0
github.com/yonahd/kor/pkg/kor/all.go:71.120,73.16 2 0
github.com/yonahd/kor/pkg/kor/all.go:73.16,75.3 1 0
github.com/yonahd/kor/pkg/kor/all.go:76.2,77.24 2 0
github.com/yonahd/kor/pkg/kor/all.go:80.113,82.16 2 0
github.com/yonahd/kor/pkg/kor/all.go:82.16,84.3 1 0
github.com/yonahd/kor/pkg/kor/all.go:85.2,86.24 2 0
github.com/yonahd/kor/pkg/kor/all.go:89.120,91.16 2 0
github.com/yonahd/kor/pkg/kor/all.go:91.16,93.3 1 0
github.com/yonahd/kor/pkg/kor/all.go:94.2,95.24 2 0
github.com/yonahd/kor/pkg/kor/all.go:98.112,100.16 2 0
github.com/yonahd/kor/pkg/kor/all.go:100.16,102.3 1 0
github.com/yonahd/kor/pkg/kor/all.go:103.2,104.25 2 0
github.com/yonahd/kor/pkg/kor/all.go:107.112,109.16 2 0
github.com/yonahd/kor/pkg/kor/all.go:109.16,111.3 1 0
github.com/yonahd/kor/pkg/kor/all.go:112.2,113.25 2 0
github.com/yonahd/kor/pkg/kor/all.go:116.117,118.16 2 0
github.com/yonahd/kor/pkg/kor/all.go:118.16,120.3 1 0
github.com/yonahd/kor/pkg/kor/all.go:121.2,122.29 2 0
github.com/yonahd/kor/pkg/kor/all.go:125.112,127.16 2 0
github.com/yonahd/kor/pkg/kor/all.go:127.16,129.3 1 0
github.com/yonahd/kor/pkg/kor/all.go:130.2,131.25 2 0
github.com/yonahd/kor/pkg/kor/all.go:134.142,136.16 2 0
github.com/yonahd/kor/pkg/kor/all.go:136.16,138.3 1 0
github.com/yonahd/kor/pkg/kor/all.go:139.2,140.19 2 0
github.com/yonahd/kor/pkg/kor/all.go:143.93,145.16 2 0
github.com/yonahd/kor/pkg/kor/all.go:145.16,147.3 1 0
github.com/yonahd/kor/pkg/kor/all.go:148.2,149.18 2 0
github.com/yonahd/kor/pkg/kor/all.go:152.112,154.16 2 0
github.com/yonahd/kor/pkg/kor/all.go:154.16,156.3 1 0
github.com/yonahd/kor/pkg/kor/all.go:157.2,158.25 2 0
github.com/yonahd/kor/pkg/kor/all.go:161.112,163.16 2 0
github.com/yonahd/kor/pkg/kor/all.go:163.16,165.3 1 0
github.com/yonahd/kor/pkg/kor/all.go:166.2,167.25 2 0
github.com/yonahd/kor/pkg/kor/all.go:170.119,172.16 2 0
github.com/yonahd/kor/pkg/kor/all.go:172.16,174.3 1 0
github.com/yonahd/kor/pkg/kor/all.go:175.2,176.24 2 0
github.com/yonahd/kor/pkg/kor/all.go:179.118,181.16 2 0
github.com/yonahd/kor/pkg/kor/all.go:181.16,183.3 1 0
github.com/yonahd/kor/pkg/kor/all.go:184.2,185.24 2 0
github.com/yonahd/kor/pkg/kor/all.go:188.208,194.39 4 0
github.com/yonahd/kor/pkg/kor/all.go:194.39,233.33 36 0
github.com/yonahd/kor/pkg/kor/all.go:233.33,235.4 1 0
github.com/yonahd/kor/pkg/kor/all.go:236.3,236.36 1 0
github.com/yonahd/kor/pkg/kor/all.go:239.2,260.16 18 0
github.com/yonahd/kor/pkg/kor/all.go:260.16,262.3 1 0
github.com/yonahd/kor/pkg/kor/all.go:264.2,265.16 2 0
github.com/yonahd/kor/pkg/kor/all.go:265.16,267.3 1 0
github.com/yonahd/kor/pkg/kor/all.go:269.2,269.23 1 0
github.com/yonahd/kor/pkg/kor/clusterroles.go:16.128,19.16 2 1
github.com/yonahd/kor/pkg/kor/clusterroles.go:19.16,21.3 1 0
github.com/yonahd/kor/pkg/kor/clusterroles.go:23.2,25.40 2 1
github.com/yonahd/kor/pkg/kor/clusterroles.go:25.40,26.46 1 1
github.com/yonahd/kor/pkg/kor/clusterroles.go:26.46,27.12 1 0
github.com/yonahd/kor/pkg/kor/clusterroles.go:29.3,30.39 2 1
github.com/yonahd/kor/pkg/kor/clusterroles.go:30.39,32.4 1 1
github.com/yonahd/kor/pkg/kor/clusterroles.go:36.2,38.48 2 1
github.com/yonahd/kor/pkg/kor/clusterroles.go:38.48,39.46 1 1
github.com/yonahd/kor/pkg/kor/clusterroles.go:39.46,40.12 1 0
github.com/yonahd/kor/pkg/kor/clusterroles.go:42.3,44.44 2 1
github.com/yonahd/kor/pkg/kor/clusterroles.go:47.2,48.37 2 1
github.com/yonahd/kor/pkg/kor/clusterroles.go:48.37,50.3 1 1
github.com/yonahd/kor/pkg/kor/clusterroles.go:52.2,52.34 1 1
github.com/yonahd/kor/pkg/kor/clusterroles.go:55.81,57.16 2 1
github.com/yonahd/kor/pkg/kor/clusterroles.go:57.16,59.3 1 0
github.com/yonahd/kor/pkg/kor/clusterroles.go:60.2,61.49 2 1
github.com/yonahd/kor/pkg/kor/clusterroles.go:61.49,62.47 1 1
github.com/yonahd/kor/pkg/kor/clusterroles.go:62.47,63.12 1 0
github.com/yonahd/kor/pkg/kor/clusterroles.go:66.3,66.42 1 1
github.com/yonahd/kor/pkg/kor/clusterroles.go:68.2,68.19 1 1
github.com/yonahd/kor/pkg/kor/clusterroles.go:72.132,74.16 2 1
github.com/yonahd/kor/pkg/kor/clusterroles.go:74.16,76.3 1 0
github.com/yonahd/kor/pkg/kor/clusterroles.go:78.2,81.16 3 1
github.com/yonahd/kor/pkg/kor/clusterroles.go:81.16,83.3 1 0
github.com/yonahd/kor/pkg/kor/clusterroles.go:85.2,86.18 2 1
github.com/yonahd/kor/pkg/kor/clusterroles.go:90.137,95.39 4 1
github.com/yonahd/kor/pkg/kor/clusterroles.go:95.39,97.17 2 1
github.com/yonahd/kor/pkg/kor/clusterroles.go:97.17,99.12 2 0
github.com/yonahd/kor/pkg/kor/clusterroles.go:102.3,102.22 1 1
github.com/yonahd/kor/pkg/kor/clusterroles.go:102.22,103.109 1 0
github.com/yonahd/kor/pkg/kor/clusterroles.go:103.109,105.5 1 0
github.com/yonahd/kor/pkg/kor/clusterroles.go:107.3,108.19 2 1
github.com/yonahd/kor/pkg/kor/clusterroles.go:108.19,115.4 5 1
github.com/yonahd/kor/pkg/kor/clusterroles.go:118.2,119.16 2 1
github.com/yonahd/kor/pkg/kor/clusterroles.go:119.16,121.3 1 0
github.com/yonahd/kor/pkg/kor/clusterroles.go:123.2,124.16 2 1
github.com/yonahd/kor/pkg/kor/clusterroles.go:124.16,126.3 1 0
github.com/yonahd/kor/pkg/kor/clusterroles.go:128.2,128.32 1 1
github.com/yonahd/kor/pkg/kor/configmaps.go:22.129,30.16 7 1
github.com/yonahd/kor/pkg/kor/configmaps.go:30.16,32.3 1 0
github.com/yonahd/kor/pkg/kor/configmaps.go:34.2,34.33 1 1
github.com/yonahd/kor/pkg/kor/configmaps.go:34.33,35.43 1 1
github.com/yonahd/kor/pkg/kor/configmaps.go:35.43,36.31 1 1
github.com/yonahd/kor/pkg/kor/configmaps.go:36.31,38.5 1 1
github.com/yonahd/kor/pkg/kor/configmaps.go:39.4,39.31 1 1
github.com/yonahd/kor/pkg/kor/configmaps.go:39.31,40.53 1 0
github.com/yonahd/kor/pkg/kor/configmaps.go:40.53,41.33 1 0
github.com/yonahd/kor/pkg/kor/configmaps.go:41.33,43.7 1 0
github.com/yonahd/kor/pkg/kor/configmaps.go:47.3,47.49 1 1
github.com/yonahd/kor/pkg/kor/configmaps.go:47.49,48.38 1 1
github.com/yonahd/kor/pkg/kor/configmaps.go:48.38,49.69 1 1
github.com/yonahd/kor/pkg/kor/configmaps.go:49.69,51.6 1 1
github.com/yonahd/kor/pkg/kor/configmaps.go:53.4,53.46 1 1
github.com/yonahd/kor/pkg/kor/configmaps.go:53.46,54.36 1 1
github.com/yonahd/kor/pkg/kor/configmaps.go:54.36,56.6 1 1
github.com/yonahd/kor/pkg/kor/configmaps.go:58.4,58.46 1 1
github.com/yonahd/kor/pkg/kor/configmaps.go:58.46,59.36 1 1
github.com/yonahd/kor/pkg/kor/configmaps.go:59.36,61.6 1 1
github.com/yonahd/kor/pkg/kor/configmaps.go:64.3,64.57 1 1
github.com/yonahd/kor/pkg/kor/configmaps.go:64.57,65.54 1 1
github.com/yonahd/kor/pkg/kor/configmaps.go:65.54,66.52 1 0
github.com/yonahd/kor/pkg/kor/configmaps.go:66.52,68.6 1 0
github.com/yonahd/kor/pkg/kor/configmaps.go:70.4,70.42 1 1
github.com/yonahd/kor/pkg/kor/configmaps.go:70.42,71.69 1 1
github.com/yonahd/kor/pkg/kor/configmaps.go:71.69,73.6 1 1
github.com/yonahd/kor/pkg/kor/configmaps.go:78.2,78.47 1 1
github.com/yonahd/kor/pkg/kor/configmaps.go:78.47,79.67 1 1
github.com/yonahd/kor/pkg/kor/configmaps.go:79.67,81.4 1 1
github.com/yonahd/kor/pkg/kor/configmaps.go:84.2,84.85 1 1
github.com/yonahd/kor/pkg/kor/configmaps.go:87.126,89.16 2 1
github.com/yonahd/kor/pkg/kor/configmaps.go:89.16,91.3 1 0
github.com/yonahd/kor/pkg/kor/configmaps.go:92.2,93.45 2 1
github.com/yonahd/kor/pkg/kor/configmaps.go:93.45,94.68 1 1
github.com/yonahd/kor/pkg/kor/configmaps.go:94.68,95.12 1 0
github.com/yonahd/kor/pkg/kor/configmaps.go:97.3,97.40 1 1
github.com/yonahd/kor/pkg/kor/configmaps.go:99.2,99.19 1 1
github.com/yonahd/kor/pkg/kor/configmaps.go:102.122,104.16 2 1
github.com/yonahd/kor/pkg/kor/configmaps.go:104.16,106.3 1 0
github.com/yonahd/kor/pkg/kor/configmaps.go:108.2,115.16 7 1
github.com/yonahd/kor/pkg/kor/configmaps.go:115.16,117.3 1 0
github.com/yonahd/kor/pkg/kor/configmaps.go:119.2,122.39 3 1
github.com/yonahd/kor/pkg/kor/configmaps.go:122.39,124.3 1 1
github.com/yonahd/kor/pkg/kor/configmaps.go:125.2,126.18 2 1
github.com/yonahd/kor/pkg/kor/configmaps.go:130.135,134.61 3 1
github.com/yonahd/kor/pkg/kor/configmaps.go:134.61,136.17 2 1
github.com/yonahd/kor/pkg/kor/configmaps.go:136.17,138.12 2 0
github.com/yonahd/kor/pkg/kor/configmaps.go:141.3,141.22 1 1
github.com/yonahd/kor/pkg/kor/configmaps.go:141.22,142.107 1 0
github.com/yonahd/kor/pkg/kor/configmaps.go:142.107,144.5 1 0
github.com/yonahd/kor/pkg/kor/configmaps.go:146.3,147.19 2 1
github.com/yonahd/kor/pkg/kor/configmaps.go:147.19,154.4 5 1
github.com/yonahd/kor/pkg/kor/configmaps.go:157.2,158.16 2 1
github.com/yonahd/kor/pkg/kor/configmaps.go:158.16,160.3 1 0
github.com/yonahd/kor/pkg/kor/configmaps.go:162.2,163.16 2 1
github.com/yonahd/kor/pkg/kor/configmaps.go:163.16,165.3 1 0
github.com/yonahd/kor/pkg/kor/configmaps.go:167.2,167.23 1 1
github.com/yonahd/kor/pkg/kor/crds.go:19.145,24.16 3 0
github.com/yonahd/kor/pkg/kor/crds.go:24.16,26.3 1 0
github.com/yonahd/kor/pkg/kor/crds.go:28.2,28.33 1 0
github.com/yonahd/kor/pkg/kor/crds.go:28.33,29.69 1 0
github.com/yonahd/kor/pkg/kor/crds.go:29.69,30.12 1 0
github.com/yonahd/kor/pkg/kor/crds.go:33.3,39.17 3 0
github.com/yonahd/kor/pkg/kor/crds.go:39.17,41.4 1 0
github.com/yonahd/kor/pkg/kor/crds.go:42.3,42.32 1 0
github.com/yonahd/kor/pkg/kor/crds.go:42.32,44.4 1 0
github.com/yonahd/kor/pkg/kor/crds.go:46.2,46.24 1 0
github.com/yonahd/kor/pkg/kor/crds.go:49.177,56.16 4 0
github.com/yonahd/kor/pkg/kor/crds.go:56.16,58.3 1 0
github.com/yonahd/kor/pkg/kor/crds.go:59.2,59.19 1 0
github.com/yonahd/kor/pkg/kor/crds.go:59.19,61.26 1 0
github.com/yonahd/kor/pkg/kor/crds.go:61.26,63.4 1 0
github.com/yonahd/kor/pkg/kor/crds.go:64.3,64.29 1 0
github.com/yonahd/kor/pkg/kor/crds.go:66.2,67.18 2 0
github.com/yonahd/kor/pkg/kor/crds.go:67.18,70.3 2 0
github.com/yonahd/kor/pkg/kor/crds.go:72.2,73.16 2 0
github.com/yonahd/kor/pkg/kor/crds.go:73.16,75.3 1 0
github.com/yonahd/kor/pkg/kor/crds.go:77.2,78.16 2 0
github.com/yonahd/kor/pkg/kor/crds.go:78.16,80.3 1 0
github.com/yonahd/kor/pkg/kor/crds.go:82.2,82.24 1 0
github.com/yonahd/kor/pkg/kor/create_test_resources.go:17.112,28.2 1 1
github.com/yonahd/kor/pkg/kor/create_test_resources.go:30.114,41.2 1 1
github.com/yonahd/kor/pkg/kor/create_test_resources.go:43.64,50.2 1 1
github.com/yonahd/kor/pkg/kor/create_test_resources.go:52.101,65.2 1 1
github.com/yonahd/kor/pkg/kor/create_test_resources.go:67.101,71.2 1 1
github.com/yonahd/kor/pkg/kor/create_test_resources.go:73.60,82.2 2 1
github.com/yonahd/kor/pkg/kor/create_test_resources.go:84.78,91.2 1 1
github.com/yonahd/kor/pkg/kor/create_test_resources.go:93.82,99.2 1 1
github.com/yonahd/kor/pkg/kor/create_test_resources.go:101.57,106.2 1 1
github.com/yonahd/kor/pkg/kor/create_test_resources.go:108.121,120.2 2 1
github.com/yonahd/kor/pkg/kor/create_test_resources.go:122.106,132.2 2 1
github.com/yonahd/kor/pkg/kor/create_test_resources.go:134.142,145.2 2 1
github.com/yonahd/kor/pkg/kor/create_test_resources.go:147.44,152.2 1 1
github.com/yonahd/kor/pkg/kor/create_test_resources.go:154.58,163.2 2 1
github.com/yonahd/kor/pkg/kor/create_test_resources.go:165.61,173.2 2 1
github.com/yonahd/kor/pkg/kor/create_test_resources.go:175.92,183.2 1 1
github.com/yonahd/kor/pkg/kor/create_test_resources.go:184.131,199.2 1 1
github.com/yonahd/kor/pkg/kor/create_test_resources.go:201.95,233.2 3 1
github.com/yonahd/kor/pkg/kor/create_test_resources.go:235.74,242.2 1 1
github.com/yonahd/kor/pkg/kor/create_test_resources.go:244.64,253.2 1 1
github.com/yonahd/kor/pkg/kor/create_test_resources.go:255.105,268.2 1 1
github.com/yonahd/kor/pkg/kor/create_test_resources.go:270.62,277.2 1 1
github.com/yonahd/kor/pkg/kor/create_test_resources.go:279.68,286.2 1 1
github.com/yonahd/kor/pkg/kor/create_test_resources.go:288.97,300.2 1 1
github.com/yonahd/kor/pkg/kor/create_test_resources.go:302.84,323.2 1 1
github.com/yonahd/kor/pkg/kor/create_test_resources.go:325.124,347.2 1 1
github.com/yonahd/kor/pkg/kor/create_test_resources.go:349.126,358.2 1 1
github.com/yonahd/kor/pkg/kor/daemonsets.go:16.130,18.16 2 1
github.com/yonahd/kor/pkg/kor/daemonsets.go:18.16,20.3 1 0
github.com/yonahd/kor/pkg/kor/daemonsets.go:22.2,24.49 2 1
github.com/yonahd/kor/pkg/kor/daemonsets.go:24.49,25.46 1 1
github.com/yonahd/kor/pkg/kor/daemonsets.go:25.46,26.12 1 0
github.com/yonahd/kor/pkg/kor/daemonsets.go:29.3,29.51 1 1
github.com/yonahd/kor/pkg/kor/daemonsets.go:29.51,31.4 1 1
github.com/yonahd/kor/pkg/kor/daemonsets.go:34.2,34.39 1 1
github.com/yonahd/kor/pkg/kor/daemonsets.go:37.135,42.39 4 1
github.com/yonahd/kor/pkg/kor/daemonsets.go:42.39,44.17 2 1
github.com/yonahd/kor/pkg/kor/daemonsets.go:44.17,46.12 2 0
github.com/yonahd/kor/pkg/kor/daemonsets.go:48.3,48.22 1 1
github.com/yonahd/kor/pkg/kor/daemonsets.go:48.22,49.107 1 0
github.com/yonahd/kor/pkg/kor/daemonsets.go:49.107,51.5 1 0
github.com/yonahd/kor/pkg/kor/daemonsets.go:53.3,54.19 2 1
github.com/yonahd/kor/pkg/kor/daemonsets.go:54.19,61.4 5 1
github.com/yonahd/kor/pkg/kor/daemonsets.go:64.2,65.16 2 1
github.com/yonahd/kor/pkg/kor/daemonsets.go:65.16,67.3 1 0
github.com/yonahd/kor/pkg/kor/daemonsets.go:69.2,70.16 2 1
github.com/yonahd/kor/pkg/kor/daemonsets.go:70.16,72.3 1 0
github.com/yonahd/kor/pkg/kor/daemonsets.go:74.2,74.30 1 1
github.com/yonahd/kor/pkg/kor/delete.go:25.104,27.83 1 1
github.com/yonahd/kor/pkg/kor/delete.go:27.83,29.4 1 1
github.com/yonahd/kor/pkg/kor/delete.go:30.80,32.4 1 0
github.com/yonahd/kor/pkg/kor/delete.go:33.81,35.4 1 0
github.com/yonahd/kor/pkg/kor/delete.go:36.84,38.4 1 0
github.com/yonahd/kor/pkg/kor/delete.go:39.77,41.4 1 0
github.com/yonahd/kor/pkg/kor/delete.go:42.81,44.4 1 0
github.com/yonahd/kor/pkg/kor/delete.go:45.77,47.4 1 0
github.com/yonahd/kor/pkg/kor/delete.go:48.79,50.4 1 0
github.com/yonahd/kor/pkg/kor/delete.go:51.86,53.4 1 0
github.com/yonahd/kor/pkg/kor/delete.go:54.77,56.4 1 0
github.com/yonahd/kor/pkg/kor/delete.go:57.85,59.4 1 0
github.com/yonahd/kor/pkg/kor/delete.go:60.88,62.4 1 0
github.com/yonahd/kor/pkg/kor/delete.go:63.76,65.4 1 0
github.com/yonahd/kor/pkg/kor/delete.go:66.77,68.4 1 0
github.com/yonahd/kor/pkg/kor/delete.go:69.77,71.4 1 0
github.com/yonahd/kor/pkg/kor/delete.go:72.84,74.4 1 0
github.com/yonahd/kor/pkg/kor/delete.go:75.83,77.4 1 0
github.com/yonahd/kor/pkg/kor/delete.go:80.2,80.29 1 1
github.com/yonahd/kor/pkg/kor/delete.go:83.137,88.16 2 1
github.com/yonahd/kor/pkg/kor/delete.go:88.16,90.3 1 0
github.com/yonahd/kor/pkg/kor/delete.go:92.2,93.19 2 1
github.com/yonahd/kor/pkg/kor/delete.go:93.19,95.3 1 1
github.com/yonahd/kor/pkg/kor/delete.go:96.2,102.12 4 1
github.com/yonahd/kor/pkg/kor/delete.go:105.103,107.16 2 0
github.com/yonahd/kor/pkg/kor/delete.go:107.16,109.3 1 0
github.com/yonahd/kor/pkg/kor/delete.go:111.2,112.26 2 0
github.com/yonahd/kor/pkg/kor/delete.go:112.26,114.20 2 0
github.com/yonahd/kor/pkg/kor/delete.go:114.20,116.4 1 0
github.com/yonahd/kor/pkg/kor/delete.go:117.3,118.42 2 0
github.com/yonahd/kor/pkg/kor/delete.go:119.8,121.3 1 0
github.com/yonahd/kor/pkg/kor/delete.go:123.2,124.12 2 0
github.com/yonahd/kor/pkg/kor/delete.go:127.128,128.22 1 0
github.com/yonahd/kor/pkg/kor/delete.go:129.19,130.127 1 0
github.com/yonahd/kor/pkg/kor/delete.go:131.16,132.121 1 0
github.com/yonahd/kor/pkg/kor/delete.go:133.17,134.123 1 0
github.com/yonahd/kor/pkg/kor/delete.go:135.20,136.129 1 0
github.com/yonahd/kor/pkg/kor/delete.go:137.13,138.169 1 0
github.com/yonahd/kor/pkg/kor/delete.go:139.17,140.136 1 0
github.com/yonahd/kor/pkg/kor/delete.go:141.13,142.161 1 0
github.com/yonahd/kor/pkg/kor/delete.go:143.15,144.117 1 0
github.com/yonahd/kor/pkg/kor/delete.go:145.22,146.122 1 0
github.com/yonahd/kor/pkg/kor/delete.go:147.13,148.151 1 0
github.com/yonahd/kor/pkg/kor/delete.go:149.21,150.131 1 0
github.com/yonahd/kor/pkg/kor/delete.go:151.24,152.137 1 0
github.com/yonahd/kor/pkg/kor/delete.go:153.12,154.132 1 0
github.com/yonahd/kor/pkg/kor/delete.go:155.13,156.115 1 0
github.com/yonahd/kor/pkg/kor/delete.go:157.13,158.117 1 0
github.com/yonahd/kor/pkg/kor/delete.go:159.20,160.129 1 0
github.com/yonahd/kor/pkg/kor/delete.go:161.19,162.127 1 0
github.com/yonahd/kor/pkg/kor/delete.go:164.2,164.77 1 0
github.com/yonahd/kor/pkg/kor/delete.go:167.117,168.22 1 0
github.com/yonahd/kor/pkg/kor/delete.go:169.19,170.105 1 0
github.com/yonahd/kor/pkg/kor/delete.go:171.16,172.102 1 0
github.com/yonahd/kor/pkg/kor/delete.go:173.17,174.103 1 0
github.com/yonahd/kor/pkg/kor/delete.go:175.20,176.106 1 0
github.com/yonahd/kor/pkg/kor/delete.go:177.13,178.126 1 0
github.com/yonahd/kor/pkg/kor/delete.go:179.17,180.110 1 0
github.com/yonahd/kor/pkg/kor/delete.go:181.13,182.122 1 0
github.com/yonahd/kor/pkg/kor/delete.go:183.15,184.100 1 0
github.com/yonahd/kor/pkg/kor/delete.go:185.22,186.98 1 0
github.com/yonahd/kor/pkg/kor/delete.go:187.13,188.117 1 0
github.com/yonahd/kor/pkg/kor/delete.go:189.21,190.107 1 0
github.com/yonahd/kor/pkg/kor/delete.go:191.24,192.110 1 0
github.com/yonahd/kor/pkg/kor/delete.go:193.12,194.103 1 0
github.com/yonahd/kor/pkg/kor/delete.go:195.13,196.99 1 0
github.com/yonahd/kor/pkg/kor/delete.go:197.13,198.100 1 0
github.com/yonahd/kor/pkg/kor/delete.go:199.20,200.106 1 0
github.com/yonahd/kor/pkg/kor/delete.go:201.19,202.105 1 0
github.com/yonahd/kor/pkg/kor/delete.go:204.2,204.77 1 0
github.com/yonahd/kor/pkg/kor/delete.go:207.171,210.36 2 1
github.com/yonahd/kor/pkg/kor/delete.go:210.36,212.21 1 1
github.com/yonahd/kor/pkg/kor/delete.go:212.21,216.18 4 0
github.com/yonahd/kor/pkg/kor/delete.go:216.18,218.13 2 0
github.com/yonahd/kor/pkg/kor/delete.go:221.4,221.86 1 0
github.com/yonahd/kor/pkg/kor/delete.go:221.86,227.19 5 0
github.com/yonahd/kor/pkg/kor/delete.go:227.19,229.14 2 0
github.com/yonahd/kor/pkg/kor/delete.go:232.5,232.73 1 0
github.com/yonahd/kor/pkg/kor/delete.go:232.73,233.93 1 0
github.com/yonahd/kor/pkg/kor/delete.go:233.93,235.7 1 0
github.com/yonahd/kor/pkg/kor/delete.go:236.6,236.14 1 0
github.com/yonahd/kor/pkg/kor/delete.go:238.5,238.13 1 0
github.com/yonahd/kor/pkg/kor/delete.go:242.3,248.40 2 1
github.com/yonahd/kor/pkg/kor/delete.go:248.40,250.12 2 0
github.com/yonahd/kor/pkg/kor/delete.go:252.3,252.61 1 1
github.com/yonahd/kor/pkg/kor/delete.go:255.2,255.25 1 1
github.com/yonahd/kor/pkg/kor/delete.go:258.138,261.36 2 1
github.com/yonahd/kor/pkg/kor/delete.go:261.36,263.14 2 1
github.com/yonahd/kor/pkg/kor/delete.go:263.14,265.12 2 0
github.com/yonahd/kor/pkg/kor/delete.go:268.3,268.21 1 1
github.com/yonahd/kor/pkg/kor/delete.go:268.21,272.18 4 0
github.com/yonahd/kor/pkg/kor/delete.go:272.18,274.13 2 0
github.com/yonahd/kor/pkg/kor/delete.go:277.4,277.86 1 0
github.com/yonahd/kor/pkg/kor/delete.go:277.86,283.19 5 0
github.com/yonahd/kor/pkg/kor/delete.go:283.19,285.14 2 0
github.com/yonahd/kor/pkg/kor/delete.go:288.5,288.73 1 0
github.com/yonahd/kor/pkg/kor/delete.go:288.73,289.91 1 0
github.com/yonahd/kor/pkg/kor/delete.go:289.91,291.7 1 0
github.com/yonahd/kor/pkg/kor/delete.go:292.6,292.14 1 0
github.com/yonahd/kor/pkg/kor/delete.go:294.5,294.13 1 0
github.com/yonahd/kor/pkg/kor/delete.go:298.3,299.72 2 1
github.com/yonahd/kor/pkg/kor/delete.go:299.72,301.12 2 1
github.com/yonahd/kor/pkg/kor/delete.go:303.3,303.61 1 0
github.com/yonahd/kor/pkg/kor/delete.go:306.2,306.25 1 1
github.com/yonahd/kor/pkg/kor/deployments.go:16.131,18.16 2 1
github.com/yonahd/kor/pkg/kor/deployments.go:18.16,20.3 1 0
github.com/yonahd/kor/pkg/kor/deployments.go:22.2,24.51 2 1
github.com/yonahd/kor/pkg/kor/deployments.go:24.51,25.69 1 1
github.com/yonahd/kor/pkg/kor/deployments.go:25.69,26.12 1 0
github.com/yonahd/kor/pkg/kor/deployments.go:28.3,28.37 1 1
github.com/yonahd/kor/pkg/kor/deployments.go:28.37,30.4 1 1
github.com/yonahd/kor/pkg/kor/deployments.go:33.2,33.40 1 1
github.com/yonahd/kor/pkg/kor/deployments.go:36.136,40.61 3 1
github.com/yonahd/kor/pkg/kor/deployments.go:40.61,42.17 2 1
github.com/yonahd/kor/pkg/kor/deployments.go:42.17,44.12 2 0
github.com/yonahd/kor/pkg/kor/deployments.go:47.3,47.22 1 1
github.com/yonahd/kor/pkg/kor/deployments.go:47.22,48.108 1 0
github.com/yonahd/kor/pkg/kor/deployments.go:48.108,50.5 1 0
github.com/yonahd/kor/pkg/kor/deployments.go:52.3,53.19 2 1
github.com/yonahd/kor/pkg/kor/deployments.go:53.19,60.4 5 1
github.com/yonahd/kor/pkg/kor/deployments.go:63.2,64.16 2 1
github.com/yonahd/kor/pkg/kor/deployments.go:64.16,66.3 1 0
github.com/yonahd/kor/pkg/kor/deployments.go:68.2,69.16 2 1
github.com/yonahd/kor/pkg/kor/deployments.go:69.16,71.3 1 0
github.com/yonahd/kor/pkg/kor/deployments.go:73.2,73.31 1 1
github.com/yonahd/kor/pkg/kor/exporter.go:30.13,32.2 1 1
github.com/yonahd/kor/pkg/kor/exporter.go:35.191,39.58 4 0
github.com/yonahd/kor/pkg/kor/exporter.go:39.58,41.3 1 0
github.com/yonahd/kor/pkg/kor/exporter.go:44.196,46.28 2 0
github.com/yonahd/kor/pkg/kor/exporter.go:46.28,48.3 1 0
github.com/yonahd/kor/pkg/kor/exporter.go:49.2,50.16 2 0
github.com/yonahd/kor/pkg/kor/exporter.go:50.16,53.3 2 0
github.com/yonahd/kor/pkg/kor/exporter.go:55.2,55.6 1 0
github.com/yonahd/kor/pkg/kor/exporter.go:55.6,57.124 2 0
github.com/yonahd/kor/pkg/kor/exporter.go:57.124,60.4 2 0
github.com/yonahd/kor/pkg/kor/exporter.go:60.9,62.67 2 0
github.com/yonahd/kor/pkg/kor/exporter.go:62.67,65.5 2 0
github.com/yonahd/kor/pkg/kor/exporter.go:67.4,69.43 2 0
github.com/yonahd/kor/pkg/kor/exporter.go:69.43,70.47 1 0
github.com/yonahd/kor/pkg/kor/exporter.go:70.47,71.48 1 0
github.com/yonahd/kor/pkg/kor/exporter.go:71.48,73.7 1 0
github.com/yonahd/kor/pkg/kor/exporter.go:76.4,76.66 1 0
github.com/yonahd/kor/pkg/kor/finalizers.go:20.80,21.53 1 1
github.com/yonahd/kor/pkg/kor/finalizers.go:21.53,23.3 1 1
github.com/yonahd/kor/pkg/kor/finalizers.go:24.2,24.14 1 1
github.com/yonahd/kor/pkg/kor/finalizers.go:27.203,30.48 2 1
github.com/yonahd/kor/pkg/kor/finalizers.go:30.48,32.17 2 1
github.com/yonahd/kor/pkg/kor/finalizers.go:32.17,34.4 1 1
github.com/yonahd/kor/pkg/kor/finalizers.go:36.3,36.61 1 1
github.com/yonahd/kor/pkg/kor/finalizers.go:36.61,38.51 1 1
github.com/yonahd/kor/pkg/kor/finalizers.go:38.51,45.19 3 1
github.com/yonahd/kor/pkg/kor/finalizers.go:45.19,47.14 2 0
github.com/yonahd/kor/pkg/kor/finalizers.go:49.5,49.45 1 1
github.com/yonahd/kor/pkg/kor/finalizers.go:49.45,50.49 1 1
github.com/yonahd/kor/pkg/kor/finalizers.go:50.49,51.15 1 0
github.com/yonahd/kor/pkg/kor/finalizers.go:53.6,53.76 1 1
github.com/yonahd/kor/pkg/kor/finalizers.go:53.76,54.63 1 1
github.com/yonahd/kor/pkg/kor/finalizers.go:54.63,56.8 1 1
github.com/yonahd/kor/pkg/kor/finalizers.go:57.7,57.134 1 1
github.com/yonahd/kor/pkg/kor/finalizers.go:63.2,63.38 1 1
github.com/yonahd/kor/pkg/kor/finalizers.go:66.203,69.16 2 0
github.com/yonahd/kor/pkg/kor/finalizers.go:69.16,72.3 2 0
github.com/yonahd/kor/pkg/kor/finalizers.go:74.2,74.83 1 0
github.com/yonahd/kor/pkg/kor/finalizers.go:77.173,83.16 5 0
github.com/yonahd/kor/pkg/kor/finalizers.go:83.16,85.3 1 0
github.com/yonahd/kor/pkg/kor/finalizers.go:87.2,89.60 2 0
github.com/yonahd/kor/pkg/kor/finalizers.go:89.60,90.45 1 0
github.com/yonahd/kor/pkg/kor/finalizers.go:90.45,91.48 1 0
github.com/yonahd/kor/pkg/kor/finalizers.go:91.48,92.24 1 0
github.com/yonahd/kor/pkg/kor/finalizers.go:92.24,93.134 1 0
github.com/yonahd/kor/pkg/kor/finalizers.go:93.134,95.7 1 0
github.com/yonahd/kor/pkg/kor/finalizers.go:97.5,97.42 1 0
github.com/yonahd/kor/pkg/kor/finalizers.go:100.4,104.34 4 0
github.com/yonahd/kor/pkg/kor/finalizers.go:108.2,109.16 2 0
github.com/yonahd/kor/pkg/kor/finalizers.go:109.16,111.3 1 0
github.com/yonahd/kor/pkg/kor/finalizers.go:113.2,114.16 2 0
github.com/yonahd/kor/pkg/kor/finalizers.go:114.16,116.3 1 0
github.com/yonahd/kor/pkg/kor/finalizers.go:118.2,118.30 1 0
github.com/yonahd/kor/pkg/kor/hpas.go:18.93,20.16 2 1
github.com/yonahd/kor/pkg/kor/hpas.go:20.16,22.3 1 0
github.com/yonahd/kor/pkg/kor/hpas.go:23.2,24.47 2 1
github.com/yonahd/kor/pkg/kor/hpas.go:24.47,26.3 1 1
github.com/yonahd/kor/pkg/kor/hpas.go:27.2,27.19 1 1
github.com/yonahd/kor/pkg/kor/hpas.go:30.94,32.16 2 1
github.com/yonahd/kor/pkg/kor/hpas.go:32.16,34.3 1 0
github.com/yonahd/kor/pkg/kor/hpas.go:35.2,36.49 2 1
github.com/yonahd/kor/pkg/kor/hpas.go:36.49,38.3 1 0
github.com/yonahd/kor/pkg/kor/hpas.go:39.2,39.19 1 1
github.com/yonahd/kor/pkg/kor/hpas.go:42.121,44.16 2 1
github.com/yonahd/kor/pkg/kor/hpas.go:44.16,46.3 1 0
github.com/yonahd/kor/pkg/kor/hpas.go:47.2,48.16 2 1
github.com/yonahd/kor/pkg/kor/hpas.go:48.16,50.3 1 0
github.com/yonahd/kor/pkg/kor/hpas.go:51.2,52.16 2 1
github.com/yonahd/kor/pkg/kor/hpas.go:52.16,54.3 1 0
github.com/yonahd/kor/pkg/kor/hpas.go:56.2,57.33 2 1
github.com/yonahd/kor/pkg/kor/hpas.go:57.33,58.46 1 1
github.com/yonahd/kor/pkg/kor/hpas.go:58.46,59.12 1 0
github.com/yonahd/kor/pkg/kor/hpas.go:62.3,62.39 1 1
github.com/yonahd/kor/pkg/kor/hpas.go:63.21,64.71 1 1
github.com/yonahd/kor/pkg/kor/hpas.go:64.71,66.5 1 1
github.com/yonahd/kor/pkg/kor/hpas.go:67.22,68.72 1 0
github.com/yonahd/kor/pkg/kor/hpas.go:68.72,70.5 1 0
github.com/yonahd/kor/pkg/kor/hpas.go:73.2,73.18 1 1
github.com/yonahd/kor/pkg/kor/hpas.go:76.124,78.16 2 1
github.com/yonahd/kor/pkg/kor/hpas.go:78.16,80.3 1 0
github.com/yonahd/kor/pkg/kor/hpas.go:81.2,81.24 1 1
github.com/yonahd/kor/pkg/kor/hpas.go:84.129,89.39 4 1
github.com/yonahd/kor/pkg/kor/hpas.go:89.39,91.17 2 1
github.com/yonahd/kor/pkg/kor/hpas.go:91.17,93.12 2 0
github.com/yonahd/kor/pkg/kor/hpas.go:96.3,96.22 1 1
github.com/yonahd/kor/pkg/kor/hpas.go:96.22,97.101 1 0
github.com/yonahd/kor/pkg/kor/hpas.go:97.101,99.5 1 0
github.com/yonahd/kor/pkg/kor/hpas.go:101.3,102.19 2 1
github.com/yonahd/kor/pkg/kor/hpas.go:102.19,109.4 5 1
github.com/yonahd/kor/pkg/kor/hpas.go:112.2,113.16 2 1
github.com/yonahd/kor/pkg/kor/hpas.go:113.16,115.3 1 0
github.com/yonahd/kor/pkg/kor/hpas.go:117.2,118.16 2 1
github.com/yonahd/kor/pkg/kor/hpas.go:118.16,120.3 1 0
github.com/yonahd/kor/pkg/kor/hpas.go:122.2,122.24 1 1
github.com/yonahd/kor/pkg/kor/ingresses.go:18.112,19.28 1 1
github.com/yonahd/kor/pkg/kor/ingresses.go:19.28,23.17 3 1
github.com/yonahd/kor/pkg/kor/ingresses.go:23.17,25.4 1 1
github.com/yonahd/kor/pkg/kor/ingresses.go:27.2,27.13 1 1
github.com/yonahd/kor/pkg/kor/ingresses.go:30.123,32.16 2 1
github.com/yonahd/kor/pkg/kor/ingresses.go:32.16,34.3 1 0
github.com/yonahd/kor/pkg/kor/ingresses.go:36.2,38.42 2 1
github.com/yonahd/kor/pkg/kor/ingresses.go:38.42,39.46 1 1
github.com/yonahd/kor/pkg/kor/ingresses.go:39.46,40.12 1 0
github.com/yonahd/kor/pkg/kor/ingresses.go:43.3,45.41 2 1
github.com/yonahd/kor/pkg/kor/ingresses.go:45.41,47.4 1 0
github.com/yonahd/kor/pkg/kor/ingresses.go:48.3,48.43 1 1
github.com/yonahd/kor/pkg/kor/ingresses.go:48.43,49.24 1 1
github.com/yonahd/kor/pkg/kor/ingresses.go:49.24,51.10 2 0
github.com/yonahd/kor/pkg/kor/ingresses.go:53.4,53.41 1 1
github.com/yonahd/kor/pkg/kor/ingresses.go:53.41,55.13 2 1
github.com/yonahd/kor/pkg/kor/ingresses.go:55.13,56.11 1 1
github.com/yonahd/kor/pkg/kor/ingresses.go:59.4,59.12 1 1
github.com/yonahd/kor/pkg/kor/ingresses.go:59.12,60.10 1 1
github.com/yonahd/kor/pkg/kor/ingresses.go:63.3,63.11 1 1
github.com/yonahd/kor/pkg/kor/ingresses.go:63.11,65.4 1 1
github.com/yonahd/kor/pkg/kor/ingresses.go:67.2,67.27 1 1
github.com/yonahd/kor/pkg/kor/ingresses.go:70.95,72.16 2 1
github.com/yonahd/kor/pkg/kor/ingresses.go:72.16,74.3 1 0
github.com/yonahd/kor/pkg/kor/ingresses.go:75.2,76.42 2 1
github.com/yonahd/kor/pkg/kor/ingresses.go:76.42,77.59 1 1
github.com/yonahd/kor/pkg/kor/ingresses.go:77.59,78.12 1 0
github.com/yonahd/kor/pkg/kor/ingresses.go:80.3,80.38 1 1
github.com/yonahd/kor/pkg/kor/ingresses.go:82.2,82.19 1 1
github.com/yonahd/kor/pkg/kor/ingresses.go:85.129,87.16 2 1
github.com/yonahd/kor/pkg/kor/ingresses.go:87.16,89.3 1 0
github.com/yonahd/kor/pkg/kor/ingresses.go:90.2,91.16 2 1
github.com/yonahd/kor/pkg/kor/ingresses.go:91.16,93.3 1 0
github.com/yonahd/kor/pkg/kor/ingresses.go:95.2,96.18 2 1
github.com/yonahd/kor/pkg/kor/ingresses.go:100.134,105.39 4 1
github.com/yonahd/kor/pkg/kor/ingresses.go:105.39,107.17 2 1
github.com/yonahd/kor/pkg/kor/ingresses.go:107.17,109.12 2 0
github.com/yonahd/kor/pkg/kor/ingresses.go:112.3,112.22 1 1
github.com/yonahd/kor/pkg/kor/ingresses.go:112.22,113.105 1 0
github.com/yonahd/kor/pkg/kor/ingresses.go:113.105,115.5 1 0
github.com/yonahd/kor/pkg/kor/ingresses.go:117.3,118.19 2 1
github.com/yonahd/kor/pkg/kor/ingresses.go:118.19,125.4 5 1
github.com/yonahd/kor/pkg/kor/ingresses.go:128.2,129.16 2 1
github.com/yonahd/kor/pkg/kor/ingresses.go:129.16,131.3 1 0
github.com/yonahd/kor/pkg/kor/ingresses.go:133.2,134.16 2 1
github.com/yonahd/kor/pkg/kor/ingresses.go:134.16,136.3 1 0
github.com/yonahd/kor/pkg/kor/ingresses.go:138.2,138.29 1 1
github.com/yonahd/kor/pkg/kor/init.go:9.13,11.2 1 1
github.com/yonahd/kor/pkg/kor/jobs.go:16.124,18.16 2 1
github.com/yonahd/kor/pkg/kor/jobs.go:18.16,20.3 1 0
github.com/yonahd/kor/pkg/kor/jobs.go:22.2,24.37 2 1
github.com/yonahd/kor/pkg/kor/jobs.go:24.37,25.46 1 1
github.com/yonahd/kor/pkg/kor/jobs.go:25.46,26.12 1 0
github.com/yonahd/kor/pkg/kor/jobs.go:30.3,30.67 1 1
github.com/yonahd/kor/pkg/kor/jobs.go:30.67,32.4 1 1
github.com/yonahd/kor/pkg/kor/jobs.go:35.2,35.28 1 1
github.com/yonahd/kor/pkg/kor/jobs.go:38.129,43.39 4 1
github.com/yonahd/kor/pkg/kor/jobs.go:43.39,45.17 2 1
github.com/yonahd/kor/pkg/kor/jobs.go:45.17,47.12 2 0
github.com/yonahd/kor/pkg/kor/jobs.go:50.3,50.22 1 1
github.com/yonahd/kor/pkg/kor/jobs.go:50.22,51.101 1 0
github.com/yonahd/kor/pkg/kor/jobs.go:51.101,53.5 1 0
github.com/yonahd/kor/pkg/kor/jobs.go:55.3,56.19 2 1
github.com/yonahd/kor/pkg/kor/jobs.go:56.19,63.4 5 1
github.com/yonahd/kor/pkg/kor/jobs.go:66.2,67.16 2 1
github.com/yonahd/kor/pkg/kor/jobs.go:67.16,69.3 1 0
github.com/yonahd/kor/pkg/kor/jobs.go:71.2,72.16 2 1
github.com/yonahd/kor/pkg/kor/jobs.go:72.16,74.3 1 0
github.com/yonahd/kor/pkg/kor/jobs.go:76.2,76.24 1 1
github.com/yonahd/kor/pkg/kor/kor.go:38.55,40.29 2 1
github.com/yonahd/kor/pkg/kor/kor.go:40.29,42.3 1 1
github.com/yonahd/kor/pkg/kor/kor.go:43.2,44.30 2 1
github.com/yonahd/kor/pkg/kor/kor.go:44.30,46.3 1 1
github.com/yonahd/kor/pkg/kor/kor.go:47.2,48.20 2 1
github.com/yonahd/kor/pkg/kor/kor.go:51.33,54.2 2 0
github.com/yonahd/kor/pkg/kor/kor.go:56.57,57.90 1 1
github.com/yonahd/kor/pkg/kor/kor.go:57.90,59.3 1 0
github.com/yonahd/kor/pkg/kor/kor.go:61.2,61.22 1 1
github.com/yonahd/kor/pkg/kor/kor.go:61.22,62.60 1 1
github.com/yonahd/kor/pkg/kor/kor.go:62.60,64.4 1 1
github.com/yonahd/kor/pkg/kor/kor.go:64.9,66.4 1 0
github.com/yonahd/kor/pkg/kor/kor.go:69.2,69.55 1 1
github.com/yonahd/kor/pkg/kor/kor.go:72.61,74.16 2 1
github.com/yonahd/kor/pkg/kor/kor.go:74.16,77.3 2 0
github.com/yonahd/kor/pkg/kor/kor.go:79.2,80.16 2 1
github.com/yonahd/kor/pkg/kor/kor.go:80.16,83.3 2 0
github.com/yonahd/kor/pkg/kor/kor.go:84.2,84.18 1 1
github.com/yonahd/kor/pkg/kor/kor.go:87.82,89.16 2 0
github.com/yonahd/kor/pkg/kor/kor.go:89.16,92.3 2 0
github.com/yonahd/kor/pkg/kor/kor.go:94.2,95.16 2 0
github.com/yonahd/kor/pkg/kor/kor.go:95.16,98.3 2 0
github.com/yonahd/kor/pkg/kor/kor.go:99.2,99.18 1 0
github.com/yonahd/kor/pkg/kor/kor.go:102.65,104.16 2 0
github.com/yonahd/kor/pkg/kor/kor.go:104.16,107.3 2 0
github.com/yonahd/kor/pkg/kor/kor.go:109.2,110.16 2 0
github.com/yonahd/kor/pkg/kor/kor.go:110.16,113.3 2 0
github.com/yonahd/kor/pkg/kor/kor.go:114.2,114.18 1 0
github.com/yonahd/kor/pkg/kor/kor.go:117.96,118.41 1 1
github.com/yonahd/kor/pkg/kor/kor.go:118.41,120.3 1 0
github.com/yonahd/kor/pkg/kor/kor.go:120.8,120.32 1 1
github.com/yonahd/kor/pkg/kor/kor.go:120.32,122.3 1 0
github.com/yonahd/kor/pkg/kor/kor.go:124.2,128.33 4 1
github.com/yonahd/kor/pkg/kor/kor.go:128.33,130.3 1 1
github.com/yonahd/kor/pkg/kor/kor.go:132.2,134.93 2 1
github.com/yonahd/kor/pkg/kor/kor.go:137.92,146.43 6 0
github.com/yonahd/kor/pkg/kor/kor.go:146.43,147.21 1 0
github.com/yonahd/kor/pkg/kor/kor.go:147.21,148.12 1 0
github.com/yonahd/kor/pkg/kor/kor.go:151.3,152.28 2 0
github.com/yonahd/kor/pkg/kor/kor.go:152.28,156.4 3 0
github.com/yonahd/kor/pkg/kor/kor.go:159.2,159.30 1 0
github.com/yonahd/kor/pkg/kor/kor.go:159.30,161.3 1 0
github.com/yonahd/kor/pkg/kor/kor.go:161.8,161.21 1 0
github.com/yonahd/kor/pkg/kor/kor.go:161.21,163.3 1 0
github.com/yonahd/kor/pkg/kor/kor.go:165.2,166.21 2 0
github.com/yonahd/kor/pkg/kor/kor.go:166.21,168.3 1 0
github.com/yonahd/kor/pkg/kor/kor.go:169.2,169.86 1 0
github.com/yonahd/kor/pkg/kor/kor.go:172.83,181.32 6 0
github.com/yonahd/kor/pkg/kor/kor.go:181.32,182.26 1 0
github.com/yonahd/kor/pkg/kor/kor.go:182.26,183.12 1 0
github.com/yonahd/kor/pkg/kor/kor.go:186.3,187.33 2 0
github.com/yonahd/kor/pkg/kor/kor.go:187.33,191.4 3 0
github.com/yonahd/kor/pkg/kor/kor.go:194.2,194.30 1 0
github.com/yonahd/kor/pkg/kor/kor.go:194.30,196.3 1 0
github.com/yonahd/kor/pkg/kor/kor.go:196.8,196.21 1 0
github.com/yonahd/kor/pkg/kor/kor.go:196.21,198.3 1 0
github.com/yonahd/kor/pkg/kor/kor.go:200.2,201.21 2 0
github.com/yonahd/kor/pkg/kor/kor.go:201.21,203.3 1 0
github.com/yonahd/kor/pkg/kor/kor.go:204.2,204.86 1 0
github.com/yonahd/kor/pkg/kor/kor.go:209.98,211.40 2 1
github.com/yonahd/kor/pkg/kor/kor.go:211.40,213.46 2 1
github.com/yonahd/kor/pkg/kor/kor.go:213.46,214.24 1 1
github.com/yonahd/kor/pkg/kor/kor.go:214.24,216.10 2 1
github.com/yonahd/kor/pkg/kor/kor.go:219.3,219.13 1 1
github.com/yonahd/kor/pkg/kor/kor.go:219.13,221.4 1 1
github.com/yonahd/kor/pkg/kor/kor.go:223.2,223.19 1 1
github.com/yonahd/kor/pkg/kor/kor.go:226.126,227.29 1 1
github.com/yonahd/kor/pkg/kor/kor.go:227.29,229.70 1 0
github.com/yonahd/kor/pkg/kor/kor.go:229.70,230.83 1 0
github.com/yonahd/kor/pkg/kor/kor.go:230.83,233.5 2 0
github.com/yonahd/kor/pkg/kor/kor.go:234.9,236.4 1 0
github.com/yonahd/kor/pkg/kor/kor.go:237.8,238.29 1 1
github.com/yonahd/kor/pkg/kor/kor.go:238.29,240.18 2 0
github.com/yonahd/kor/pkg/kor/kor.go:240.18,242.5 1 0
github.com/yonahd/kor/pkg/kor/kor.go:243.4,243.36 1 0
github.com/yonahd/kor/pkg/kor/kor.go:246.2,246.34 1 1
github.com/yonahd/kor/pkg/kor/multi.go:17.221,22.46 4 0
github.com/yonahd/kor/pkg/kor/multi.go:22.46,23.19 1 0
github.com/yonahd/kor/pkg/kor/multi.go:24.71,27.36 3 0
github.com/yonahd/kor/pkg/kor/multi.go:28.54,31.36 3 0
github.com/yonahd/kor/pkg/kor/multi.go:36.2,37.42 2 0
github.com/yonahd/kor/pkg/kor/multi.go:37.42,38.14 1 0
github.com/yonahd/kor/pkg/kor/multi.go:38.14,40.4 1 0
github.com/yonahd/kor/pkg/kor/multi.go:43.2,43.45 1 0
github.com/yonahd/kor/pkg/kor/multi.go:46.146,48.40 2 0
github.com/yonahd/kor/pkg/kor/multi.go:48.40,50.19 2 0
github.com/yonahd/kor/pkg/kor/multi.go:51.40,52.63 1 0
github.com/yonahd/kor/pkg/kor/multi.go:53.37,54.64 1 0
github.com/yonahd/kor/pkg/kor/multi.go:55.36,56.67 1 0
github.com/yonahd/kor/pkg/kor/multi.go:57.50,58.75 1 0
github.com/yonahd/kor/pkg/kor/multi.go:59.46,60.71 1 0
github.com/yonahd/kor/pkg/kor/multi.go:61.45,62.72 1 0
github.com/yonahd/kor/pkg/kor/multi.go:63.24,64.65 1 0
github.com/yonahd/kor/pkg/kor/multi.go:65.38,66.72 1 0
github.com/yonahd/kor/pkg/kor/multi.go:67.69,68.64 1 0
github.com/yonahd/kor/pkg/kor/multi.go:69.65,70.64 1 0
github.com/yonahd/kor/pkg/kor/multi.go:71.38,72.69 1 0
github.com/yonahd/kor/pkg/kor/multi.go:73.61,74.64 1 0
github.com/yonahd/kor/pkg/kor/multi.go:75.28,76.64 1 0
github.com/yonahd/kor/pkg/kor/multi.go:77.22,78.64 1 0
github.com/yonahd/kor/pkg/kor/multi.go:79.42,80.71 1 0
github.com/yonahd/kor/pkg/kor/multi.go:81.40,82.70 1 0
github.com/yonahd/kor/pkg/kor/multi.go:83.11,84.63 1 0
github.com/yonahd/kor/pkg/kor/multi.go:86.3,86.42 1 0
github.com/yonahd/kor/pkg/kor/multi.go:88.2,88.17 1 0
github.com/yonahd/kor/pkg/kor/multi.go:91.232,101.31 9 0
github.com/yonahd/kor/pkg/kor/multi.go:101.31,102.40 1 0
github.com/yonahd/kor/pkg/kor/multi.go:102.40,103.27 1 0
github.com/yonahd/kor/pkg/kor/multi.go:103.27,111.5 6 0
github.com/yonahd/kor/pkg/kor/multi.go:114.3,115.40 2 0
github.com/yonahd/kor/pkg/kor/multi.go:115.40,117.4 1 0
github.com/yonahd/kor/pkg/kor/multi.go:118.3,118.29 1 0
github.com/yonahd/kor/pkg/kor/multi.go:122.2,122.39 1 0
github.com/yonahd/kor/pkg/kor/multi.go:122.39,125.22 2 0
github.com/yonahd/kor/pkg/kor/multi.go:125.22,126.34 1 0
github.com/yonahd/kor/pkg/kor/multi.go:126.34,127.124 1 0
github.com/yonahd/kor/pkg/kor/multi.go:127.124,129.6 1 0
github.com/yonahd/kor/pkg/kor/multi.go:133.3,134.19 2 0
github.com/yonahd/kor/pkg/kor/multi.go:134.19,139.34 4 0
github.com/yonahd/kor/pkg/kor/multi.go:139.34,141.5 1 0
github.com/yonahd/kor/pkg/kor/multi.go:142.4,142.37 1 0
github.com/yonahd/kor/pkg/kor/multi.go:147.2,148.16 2 0
github.com/yonahd/kor/pkg/kor/multi.go:148.16,150.3 1 0
github.com/yonahd/kor/pkg/kor/multi.go:152.2,153.16 2 0
github.com/yonahd/kor/pkg/kor/multi.go:153.16,155.3 1 0
github.com/yonahd/kor/pkg/kor/multi.go:157.2,157.25 1 0
github.com/yonahd/kor/pkg/kor/pdbs.go:17.124,20.16 3 1
github.com/yonahd/kor/pkg/kor/pdbs.go:20.16,22.3 1 0
github.com/yonahd/kor/pkg/kor/pdbs.go:24.2,24.33 1 1
github.com/yonahd/kor/pkg/kor/pdbs.go:24.33,25.46 1 1
github.com/yonahd/kor/pkg/kor/pdbs.go:25.46,26.12 1 0
github.com/yonahd/kor/pkg/kor/pdbs.go:29.3,30.37 2 1
github.com/yonahd/kor/pkg/kor/pdbs.go:30.37,32.12 2 1
github.com/yonahd/kor/pkg/kor/pdbs.go:34.3,37.17 2 1
github.com/yonahd/kor/pkg/kor/pdbs.go:37.17,39.4 1 0
github.com/yonahd/kor/pkg/kor/pdbs.go:40.3,43.17 2 1
github.com/yonahd/kor/pkg/kor/pdbs.go:43.17,45.4 1 0
github.com/yonahd/kor/pkg/kor/pdbs.go:46.3,46.66 1 1
github.com/yonahd/kor/pkg/kor/pdbs.go:46.66,48.4 1 0
github.com/yonahd/kor/pkg/kor/pdbs.go:50.2,50.24 1 1
github.com/yonahd/kor/pkg/kor/pdbs.go:53.129,58.39 4 1
github.com/yonahd/kor/pkg/kor/pdbs.go:58.39,60.17 2 1
github.com/yonahd/kor/pkg/kor/pdbs.go:60.17,62.12 2 0
github.com/yonahd/kor/pkg/kor/pdbs.go:65.3,65.22 1 1
github.com/yonahd/kor/pkg/kor/pdbs.go:65.22,66.101 1 0
github.com/yonahd/kor/pkg/kor/pdbs.go:66.101,68.5 1 0
github.com/yonahd/kor/pkg/kor/pdbs.go:70.3,71.19 2 1
github.com/yonahd/kor/pkg/kor/pdbs.go:71.19,78.4 5 1
github.com/yonahd/kor/pkg/kor/pdbs.go:81.2,82.16 2 1
github.com/yonahd/kor/pkg/kor/pdbs.go:82.16,84.3 1 0
github.com/yonahd/kor/pkg/kor/pdbs.go:86.2,87.16 2 1
github.com/yonahd/kor/pkg/kor/pdbs.go:87.16,89.3 1 0
github.com/yonahd/kor/pkg/kor/pdbs.go:91.2,91.24 1 1
github.com/yonahd/kor/pkg/kor/pods.go:17.124,19.16 2 1
github.com/yonahd/kor/pkg/kor/pods.go:19.16,21.3 1 0
github.com/yonahd/kor/pkg/kor/pods.go:23.2,25.37 2 1
github.com/yonahd/kor/pkg/kor/pods.go:25.37,26.62 1 1
github.com/yonahd/kor/pkg/kor/pods.go:26.62,27.12 1 1
github.com/yonahd/kor/pkg/kor/pods.go:30.3,30.77 1 1
github.com/yonahd/kor/pkg/kor/pods.go:30.77,32.4 1 1
github.com/yonahd/kor/pkg/kor/pods.go:36.2,36.25 1 1
github.com/yonahd/kor/pkg/kor/pods.go:39.129,44.39 4 1
github.com/yonahd/kor/pkg/kor/pods.go:44.39,46.17 2 1
github.com/yonahd/kor/pkg/kor/pods.go:46.17,48.12 2 0
github.com/yonahd/kor/pkg/kor/pods.go:51.3,51.22 1 1
github.com/yonahd/kor/pkg/kor/pods.go:51.22,52.101 1 0
github.com/yonahd/kor/pkg/kor/pods.go:52.101,54.5 1 0
github.com/yonahd/kor/pkg/kor/pods.go:56.3,57.19 2 1
github.com/yonahd/kor/pkg/kor/pods.go:57.19,64.4 5 1
github.com/yonahd/kor/pkg/kor/pods.go:67.2,68.16 2 1
github.com/yonahd/kor/pkg/kor/pods.go:68.16,70.3 1 0
github.com/yonahd/kor/pkg/kor/pods.go:72.2,73.16 2 1
github.com/yonahd/kor/pkg/kor/pods.go:73.16,75.3 1 0
github.com/yonahd/kor/pkg/kor/pods.go:77.2,77.24 1 1
github.com/yonahd/kor/pkg/kor/pv.go:17.96,19.16 2 1
github.com/yonahd/kor/pkg/kor/pv.go:19.16,21.3 1 0
github.com/yonahd/kor/pkg/kor/pv.go:23.2,25.31 2 1
github.com/yonahd/kor/pkg/kor/pv.go:25.31,26.46 1 1
github.com/yonahd/kor/pkg/kor/pv.go:26.46,27.12 1 0
github.com/yonahd/kor/pkg/kor/pv.go:30.3,30.33 1 1
github.com/yonahd/kor/pkg/kor/pv.go:30.33,32.4 1 1
github.com/yonahd/kor/pkg/kor/pv.go:36.2,36.23 1 1
github.com/yonahd/kor/pkg/kor/pv.go:40.128,45.16 4 1
github.com/yonahd/kor/pkg/kor/pv.go:45.16,47.3 1 0
github.com/yonahd/kor/pkg/kor/pv.go:49.2,49.19 1 1
github.com/yonahd/kor/pkg/kor/pv.go:49.19,51.26 1 1
github.com/yonahd/kor/pkg/kor/pv.go:51.26,53.4 1 1
github.com/yonahd/kor/pkg/kor/pv.go:54.3,54.28 1 1
github.com/yonahd/kor/pkg/kor/pv.go:57.2,57.21 1 1
github.com/yonahd/kor/pkg/kor/pv.go:57.21,58.92 1 0
github.com/yonahd/kor/pkg/kor/pv.go:58.92,60.4 1 0
github.com/yonahd/kor/pkg/kor/pv.go:63.2,64.18 2 1
github.com/yonahd/kor/pkg/kor/pv.go:64.18,70.3 3 1
github.com/yonahd/kor/pkg/kor/pv.go:72.2,73.16 2 1
github.com/yonahd/kor/pkg/kor/pv.go:73.16,75.3 1 0
github.com/yonahd/kor/pkg/kor/pv.go:77.2,78.16 2 1
github.com/yonahd/kor/pkg/kor/pv.go:78.16,80.3 1 0
github.com/yonahd/kor/pkg/kor/pv.go:82.2,82.23 1 1
github.com/yonahd/kor/pkg/kor/pvc.go:17.91,19.16 2 1
github.com/yonahd/kor/pkg/kor/pvc.go:19.16,22.3 2 0
github.com/yonahd/kor/pkg/kor/pvc.go:23.2,25.33 2 1
github.com/yonahd/kor/pkg/kor/pvc.go:25.33,26.43 1 1
github.com/yonahd/kor/pkg/kor/pvc.go:26.43,27.43 1 1
github.com/yonahd/kor/pkg/kor/pvc.go:27.43,29.5 1 1
github.com/yonahd/kor/pkg/kor/pvc.go:32.2,32.22 1 1
github.com/yonahd/kor/pkg/kor/pvc.go:35.124,37.16 2 1
github.com/yonahd/kor/pkg/kor/pvc.go:37.16,39.3 1 0
github.com/yonahd/kor/pkg/kor/pvc.go:40.2,41.33 2 1
github.com/yonahd/kor/pkg/kor/pvc.go:41.33,42.46 1 1
github.com/yonahd/kor/pkg/kor/pvc.go:42.46,43.12 1 0
github.com/yonahd/kor/pkg/kor/pvc.go:46.3,46.40 1 1
github.com/yonahd/kor/pkg/kor/pvc.go:49.2,50.16 2 1
github.com/yonahd/kor/pkg/kor/pvc.go:50.16,52.3 1 0
github.com/yonahd/kor/pkg/kor/pvc.go:54.2,55.18 2 1
github.com/yonahd/kor/pkg/kor/pvc.go:58.129,63.39 4 1
github.com/yonahd/kor/pkg/kor/pvc.go:63.39,65.17 2 1
github.com/yonahd/kor/pkg/kor/pvc.go:65.17,67.12 2 0
github.com/yonahd/kor/pkg/kor/pvc.go:70.3,70.22 1 1
github.com/yonahd/kor/pkg/kor/pvc.go:70.22,71.101 1 0
github.com/yonahd/kor/pkg/kor/pvc.go:71.101,73.5 1 0
github.com/yonahd/kor/pkg/kor/pvc.go:75.3,76.19 2 1
github.com/yonahd/kor/pkg/kor/pvc.go:76.19,83.4 5 1
github.com/yonahd/kor/pkg/kor/pvc.go:86.2,87.16 2 1
github.com/yonahd/kor/pkg/kor/pvc.go:87.16,89.3 1 0
github.com/yonahd/kor/pkg/kor/pvc.go:91.2,92.16 2 1
github.com/yonahd/kor/pkg/kor/pvc.go:92.16,94.3 1 0
github.com/yonahd/kor/pkg/kor/pvc.go:96.2,96.24 1 1
github.com/yonahd/kor/pkg/kor/replicaset.go:16.131,18.16 2 1
github.com/yonahd/kor/pkg/kor/replicaset.go:18.16,20.3 1 0
github.com/yonahd/kor/pkg/kor/replicaset.go:22.2,24.50 2 1
github.com/yonahd/kor/pkg/kor/replicaset.go:24.50,25.46 1 1
github.com/yonahd/kor/pkg/kor/replicaset.go:25.46,26.12 1 0
github.com/yonahd/kor/pkg/kor/replicaset.go:30.3,30.168 1 1
github.com/yonahd/kor/pkg/kor/replicaset.go:30.168,32.4 1 1
github.com/yonahd/kor/pkg/kor/replicaset.go:35.2,35.35 1 1
github.com/yonahd/kor/pkg/kor/replicaset.go:38.136,43.39 4 1
github.com/yonahd/kor/pkg/kor/replicaset.go:43.39,45.17 2 1
github.com/yonahd/kor/pkg/kor/replicaset.go:45.17,47.12 2 0
github.com/yonahd/kor/pkg/kor/replicaset.go:50.3,50.22 1 1
github.com/yonahd/kor/pkg/kor/replicaset.go:50.22,51.108 1 0
github.com/yonahd/kor/pkg/kor/replicaset.go:51.108,53.5 1 0
github.com/yonahd/kor/pkg/kor/replicaset.go:55.3,56.19 2 1
github.com/yonahd/kor/pkg/kor/replicaset.go:56.19,63.4 5 1
github.com/yonahd/kor/pkg/kor/replicaset.go:66.2,67.16 2 1
github.com/yonahd/kor/pkg/kor/replicaset.go:67.16,69.3 1 0
github.com/yonahd/kor/pkg/kor/replicaset.go:71.2,72.16 2 1
github.com/yonahd/kor/pkg/kor/replicaset.go:72.16,74.3 1 0
github.com/yonahd/kor/pkg/kor/replicaset.go:76.2,76.31 1 1
github.com/yonahd/kor/pkg/kor/roles.go:17.121,20.16 2 1
github.com/yonahd/kor/pkg/kor/roles.go:20.16,22.3 1 0
github.com/yonahd/kor/pkg/kor/roles.go:24.2,25.40 2 1
github.com/yonahd/kor/pkg/kor/roles.go:25.40,26.46 1 1
github.com/yonahd/kor/pkg/kor/roles.go:26.46,27.12 1 0
github.com/yonahd/kor/pkg/kor/roles.go:30.3,30.36 1 1
github.com/yonahd/kor/pkg/kor/roles.go:33.2,34.30 2 1
github.com/yonahd/kor/pkg/kor/roles.go:34.30,36.3 1 1
github.com/yonahd/kor/pkg/kor/roles.go:38.2,38.27 1 1
github.com/yonahd/kor/pkg/kor/roles.go:41.121,43.16 2 1
github.com/yonahd/kor/pkg/kor/roles.go:43.16,45.3 1 0
github.com/yonahd/kor/pkg/kor/roles.go:46.2,47.35 2 1
github.com/yonahd/kor/pkg/kor/roles.go:47.35,48.70 1 1
github.com/yonahd/kor/pkg/kor/roles.go:48.70,49.12 1 0
github.com/yonahd/kor/pkg/kor/roles.go:52.3,52.35 1 1
github.com/yonahd/kor/pkg/kor/roles.go:54.2,54.19 1 1
github.com/yonahd/kor/pkg/kor/roles.go:57.125,59.16 2 1
github.com/yonahd/kor/pkg/kor/roles.go:59.16,61.3 1 0
github.com/yonahd/kor/pkg/kor/roles.go:63.2,66.16 3 1
github.com/yonahd/kor/pkg/kor/roles.go:66.16,68.3 1 0
github.com/yonahd/kor/pkg/kor/roles.go:70.2,71.18 2 1
github.com/yonahd/kor/pkg/kor/roles.go:75.130,80.39 4 1
github.com/yonahd/kor/pkg/kor/roles.go:80.39,82.17 2 1
github.com/yonahd/kor/pkg/kor/roles.go:82.17,84.12 2 0
github.com/yonahd/kor/pkg/kor/roles.go:87.3,87.22 1 1
github.com/yonahd/kor/pkg/kor/roles.go:87.22,88.102 1 0
github.com/yonahd/kor/pkg/kor/roles.go:88.102,90.5 1 0
github.com/yonahd/kor/pkg/kor/roles.go:92.3,93.19 2 1
github.com/yonahd/kor/pkg/kor/roles.go:93.19,100.4 5 1
github.com/yonahd/kor/pkg/kor/roles.go:103.2,104.16 2 1
github.com/yonahd/kor/pkg/kor/roles.go:104.16,106.3 1 0
github.com/yonahd/kor/pkg/kor/roles.go:108.2,109.16 2 1
github.com/yonahd/kor/pkg/kor/roles.go:109.16,111.3 1 0
github.com/yonahd/kor/pkg/kor/roles.go:113.2,113.25 1 1
github.com/yonahd/kor/pkg/kor/secrets.go:24.93,27.16 3 1
github.com/yonahd/kor/pkg/kor/secrets.go:27.16,29.3 1 0
github.com/yonahd/kor/pkg/kor/secrets.go:32.2,32.44 1 1
github.com/yonahd/kor/pkg/kor/secrets.go:32.44,33.40 1 1
github.com/yonahd/kor/pkg/kor/secrets.go:33.40,35.4 1 1
github.com/yonahd/kor/pkg/kor/secrets.go:38.2,38.25 1 1
github.com/yonahd/kor/pkg/kor/secrets.go:42.143,51.16 7 1
github.com/yonahd/kor/pkg/kor/secrets.go:51.16,53.3 1 0
github.com/yonahd/kor/pkg/kor/secrets.go:56.2,56.33 1 1
github.com/yonahd/kor/pkg/kor/secrets.go:56.33,57.49 1 1
github.com/yonahd/kor/pkg/kor/secrets.go:57.49,58.38 1 1
github.com/yonahd/kor/pkg/kor/secrets.go:58.38,59.66 1 1
github.com/yonahd/kor/pkg/kor/secrets.go:59.66,61.6 1 1
github.com/yonahd/kor/pkg/kor/secrets.go:63.4,63.46 1 1
github.com/yonahd/kor/pkg/kor/secrets.go:63.46,64.33 1 1
github.com/yonahd/kor/pkg/kor/secrets.go:64.33,66.6 1 1
github.com/yonahd/kor/pkg/kor/secrets.go:70.3,70.57 1 1
github.com/yonahd/kor/pkg/kor/secrets.go:70.57,71.42 1 1
github.com/yonahd/kor/pkg/kor/secrets.go:71.42,72.66 1 1
github.com/yonahd/kor/pkg/kor/secrets.go:72.66,74.6 1 1
github.com/yonahd/kor/pkg/kor/secrets.go:78.3,78.43 1 1
github.com/yonahd/kor/pkg/kor/secrets.go:78.43,79.28 1 1
github.com/yonahd/kor/pkg/kor/secrets.go:79.28,81.5 1 1
github.com/yonahd/kor/pkg/kor/secrets.go:82.4,82.66 1 1
github.com/yonahd/kor/pkg/kor/secrets.go:82.66,83.64 1 0
github.com/yonahd/kor/pkg/kor/secrets.go:83.64,84.41 1 0
github.com/yonahd/kor/pkg/kor/secrets.go:84.41,86.7 1 0
github.com/yonahd/kor/pkg/kor/secrets.go:91.3,91.39 1 1
github.com/yonahd/kor/pkg/kor/secrets.go:91.39,92.53 1 1
github.com/yonahd/kor/pkg/kor/secrets.go:92.53,94.5 1 1
github.com/yonahd/kor/pkg/kor/secrets.go:98.2,99.16 2 1
github.com/yonahd/kor/pkg/kor/secrets.go:99.16,101.3 1 0
github.com/yonahd/kor/pkg/kor/secrets.go:103.2,103.102 1 1
github.com/yonahd/kor/pkg/kor/secrets.go:106.123,108.16 2 1
github.com/yonahd/kor/pkg/kor/secrets.go:108.16,110.3 1 0
github.com/yonahd/kor/pkg/kor/secrets.go:111.2,112.39 2 1
github.com/yonahd/kor/pkg/kor/secrets.go:112.39,113.46 1 1
github.com/yonahd/kor/pkg/kor/secrets.go:113.46,114.12 1 0
github.com/yonahd/kor/pkg/kor/secrets.go:117.3,117.66 1 1
github.com/yonahd/kor/pkg/kor/secrets.go:117.66,119.4 1 1
github.com/yonahd/kor/pkg/kor/secrets.go:121.2,121.19 1 1
github.com/yonahd/kor/pkg/kor/secrets.go:124.126,126.16 2 1
github.com/yonahd/kor/pkg/kor/secrets.go:126.16,128.3 1 0
github.com/yonahd/kor/pkg/kor/secrets.go:130.2,138.16 8 1
github.com/yonahd/kor/pkg/kor/secrets.go:138.16,140.3 1 0
github.com/yonahd/kor/pkg/kor/secrets.go:142.2,145.39 3 1
github.com/yonahd/kor/pkg/kor/secrets.go:145.39,147.3 1 1
github.com/yonahd/kor/pkg/kor/secrets.go:148.2,149.18 2 1
github.com/yonahd/kor/pkg/kor/secrets.go:153.132,158.39 4 1
github.com/yonahd/kor/pkg/kor/secrets.go:158.39,160.17 2 1
github.com/yonahd/kor/pkg/kor/secrets.go:160.17,162.12 2 0
github.com/yonahd/kor/pkg/kor/secrets.go:165.3,165.22 1 1
github.com/yonahd/kor/pkg/kor/secrets.go:165.22,166.104 1 0
github.com/yonahd/kor/pkg/kor/secrets.go:166.104,168.5 1 0
github.com/yonahd/kor/pkg/kor/secrets.go:170.3,171.19 2 1
github.com/yonahd/kor/pkg/kor/secrets.go:171.19,178.4 5 1
github.com/yonahd/kor/pkg/kor/secrets.go:181.2,182.16 2 1
github.com/yonahd/kor/pkg/kor/secrets.go:182.16,184.3 1 0
github.com/yonahd/kor/pkg/kor/secrets.go:186.2,187.16 2 1
github.com/yonahd/kor/pkg/kor/secrets.go:187.16,189.3 1 0
github.com/yonahd/kor/pkg/kor/secrets.go:191.2,191.27 1 1
github.com/yonahd/kor/pkg/kor/serviceaccounts.go:20.116,23.16 2 1
github.com/yonahd/kor/pkg/kor/serviceaccounts.go:23.16,25.3 1 0
github.com/yonahd/kor/pkg/kor/serviceaccounts.go:28.2,31.40 2 1
github.com/yonahd/kor/pkg/kor/serviceaccounts.go:31.40,32.68 1 1
github.com/yonahd/kor/pkg/kor/serviceaccounts.go:32.68,33.12 1 0
github.com/yonahd/kor/pkg/kor/serviceaccounts.go:36.3,36.39 1 1
github.com/yonahd/kor/pkg/kor/serviceaccounts.go:36.39,38.40 1 1
github.com/yonahd/kor/pkg/kor/serviceaccounts.go:38.40,40.5 1 1
github.com/yonahd/kor/pkg/kor/serviceaccounts.go:44.2,44.29 1 1
github.com/yonahd/kor/pkg/kor/serviceaccounts.go:47.109,50.16 2 1
github.com/yonahd/kor/pkg/kor/serviceaccounts.go:50.16,52.3 1 0
github.com/yonahd/kor/pkg/kor/serviceaccounts.go:55.2,58.40 2 1
github.com/yonahd/kor/pkg/kor/serviceaccounts.go:58.40,59.38 1 1
github.com/yonahd/kor/pkg/kor/serviceaccounts.go:59.38,60.12 1 0
github.com/yonahd/kor/pkg/kor/serviceaccounts.go:63.3,63.39 1 1
github.com/yonahd/kor/pkg/kor/serviceaccounts.go:63.39,64.40 1 1
github.com/yonahd/kor/pkg/kor/serviceaccounts.go:64.40,66.5 1 1
github.com/yonahd/kor/pkg/kor/serviceaccounts.go:70.2,70.29 1 1
github.com/yonahd/kor/pkg/kor/serviceaccounts.go:73.109,78.16 3 1
github.com/yonahd/kor/pkg/kor/serviceaccounts.go:78.16,80.3 1 0
github.com/yonahd/kor/pkg/kor/serviceaccounts.go:83.2,83.33 1 1
github.com/yonahd/kor/pkg/kor/serviceaccounts.go:83.33,84.40 1 1
github.com/yonahd/kor/pkg/kor/serviceaccounts.go:84.40,86.4 1 1
github.com/yonahd/kor/pkg/kor/serviceaccounts.go:89.2,89.52 1 1
github.com/yonahd/kor/pkg/kor/serviceaccounts.go:89.52,90.67 1 1
github.com/yonahd/kor/pkg/kor/serviceaccounts.go:90.67,92.4 1 1
github.com/yonahd/kor/pkg/kor/serviceaccounts.go:95.2,96.16 2 1
github.com/yonahd/kor/pkg/kor/serviceaccounts.go:96.16,98.3 1 0
github.com/yonahd/kor/pkg/kor/serviceaccounts.go:99.2,100.16 2 1
github.com/yonahd/kor/pkg/kor/serviceaccounts.go:100.16,102.3 1 0
github.com/yonahd/kor/pkg/kor/serviceaccounts.go:103.2,103.81 1 1
github.com/yonahd/kor/pkg/kor/serviceaccounts.go:106.131,108.16 2 1
github.com/yonahd/kor/pkg/kor/serviceaccounts.go:108.16,110.3 1 0
github.com/yonahd/kor/pkg/kor/serviceaccounts.go:111.2,112.55 2 1
github.com/yonahd/kor/pkg/kor/serviceaccounts.go:112.55,113.73 1 1
github.com/yonahd/kor/pkg/kor/serviceaccounts.go:113.73,114.12 1 0
github.com/yonahd/kor/pkg/kor/serviceaccounts.go:117.3,117.45 1 1
github.com/yonahd/kor/pkg/kor/serviceaccounts.go:119.2,119.19 1 1
github.com/yonahd/kor/pkg/kor/serviceaccounts.go:122.122,124.16 2 1
github.com/yonahd/kor/pkg/kor/serviceaccounts.go:124.16,126.3 1 0
github.com/yonahd/kor/pkg/kor/serviceaccounts.go:128.2,135.16 6 1
github.com/yonahd/kor/pkg/kor/serviceaccounts.go:135.16,137.3 1 0
github.com/yonahd/kor/pkg/kor/serviceaccounts.go:139.2,140.18 2 1
github.com/yonahd/kor/pkg/kor/serviceaccounts.go:144.140,150.39 4 1
github.com/yonahd/kor/pkg/kor/serviceaccounts.go:150.39,152.17 2 1
github.com/yonahd/kor/pkg/kor/serviceaccounts.go:152.17,154.12 2 0
github.com/yonahd/kor/pkg/kor/serviceaccounts.go:157.3,157.22 1 1
github.com/yonahd/kor/pkg/kor/serviceaccounts.go:157.22,158.112 1 0
github.com/yonahd/kor/pkg/kor/serviceaccounts.go:158.112,160.5 1 0
github.com/yonahd/kor/pkg/kor/serviceaccounts.go:162.3,163.19 2 1
github.com/yonahd/kor/pkg/kor/serviceaccounts.go:163.19,170.4 5 1
github.com/yonahd/kor/pkg/kor/serviceaccounts.go:173.2,174.16 2 1
github.com/yonahd/kor/pkg/kor/serviceaccounts.go:174.16,176.3 1 0
github.com/yonahd/kor/pkg/kor/serviceaccounts.go:178.2,179.16 2 1
github.com/yonahd/kor/pkg/kor/serviceaccounts.go:179.16,181.3 1 0
github.com/yonahd/kor/pkg/kor/serviceaccounts.go:183.2,183.35 1 1
github.com/yonahd/kor/pkg/kor/services.go:16.128,18.16 2 1
github.com/yonahd/kor/pkg/kor/services.go:18.16,20.3 1 0
github.com/yonahd/kor/pkg/kor/services.go:22.2,24.48 2 1
github.com/yonahd/kor/pkg/kor/services.go:24.48,25.46 1 1
github.com/yonahd/kor/pkg/kor/services.go:25.46,26.12 1 0
github.com/yonahd/kor/pkg/kor/services.go:29.3,29.34 1 1
github.com/yonahd/kor/pkg/kor/services.go:29.34,31.4 1 1
github.com/yonahd/kor/pkg/kor/services.go:34.2,34.37 1 1
github.com/yonahd/kor/pkg/kor/services.go:37.133,43.39 4 1
github.com/yonahd/kor/pkg/kor/services.go:43.39,45.17 2 1
github.com/yonahd/kor/pkg/kor/services.go:45.17,47.12 2 0
github.com/yonahd/kor/pkg/kor/services.go:50.3,50.22 1 1
github.com/yonahd/kor/pkg/kor/services.go:50.22,51.105 1 0
github.com/yonahd/kor/pkg/kor/services.go:51.105,53.5 1 0
github.com/yonahd/kor/pkg/kor/services.go:55.3,56.19 2 1
github.com/yonahd/kor/pkg/kor/services.go:56.19,63.4 5 1
github.com/yonahd/kor/pkg/kor/services.go:66.2,67.16 2 1
github.com/yonahd/kor/pkg/kor/services.go:67.16,69.3 1 0
github.com/yonahd/kor/pkg/kor/services.go:71.2,72.16 2 1
github.com/yonahd/kor/pkg/kor/services.go:72.16,74.3 1 0
github.com/yonahd/kor/pkg/kor/services.go:76.2,76.28 1 1
github.com/yonahd/kor/pkg/kor/slack.go:21.79,23.2 1 0
github.com/yonahd/kor/pkg/kor/slack.go:25.74,26.27 1 0
github.com/yonahd/kor/pkg/kor/slack.go:26.27,30.17 3 0
github.com/yonahd/kor/pkg/kor/slack.go:30.17,32.4 1 0
github.com/yonahd/kor/pkg/kor/slack.go:33.3,33.13 1 0
github.com/yonahd/kor/pkg/kor/slack.go:34.8,34.51 1 0
github.com/yonahd/kor/pkg/kor/slack.go:34.51,42.17 6 0
github.com/yonahd/kor/pkg/kor/slack.go:42.17,44.4 1 0
github.com/yonahd/kor/pkg/kor/slack.go:45.3,46.17 2 0
github.com/yonahd/kor/pkg/kor/slack.go:46.17,48.4 1 0
github.com/yonahd/kor/pkg/kor/slack.go:49.3,51.17 3 0
github.com/yonahd/kor/pkg/kor/slack.go:51.17,53.4 1 0
github.com/yonahd/kor/pkg/kor/slack.go:55.3,55.69 1 0
github.com/yonahd/kor/pkg/kor/slack.go:55.69,57.4 1 0
github.com/yonahd/kor/pkg/kor/slack.go:59.3,62.17 3 0
github.com/yonahd/kor/pkg/kor/slack.go:62.17,64.4 1 0
github.com/yonahd/kor/pkg/kor/slack.go:65.3,70.17 5 0
github.com/yonahd/kor/pkg/kor/slack.go:70.17,72.4 1 0
github.com/yonahd/kor/pkg/kor/slack.go:73.3,75.39 2 0
github.com/yonahd/kor/pkg/kor/slack.go:75.39,77.4 1 0
github.com/yonahd/kor/pkg/kor/slack.go:79.3,79.13 1 0
github.com/yonahd/kor/pkg/kor/slack.go:80.8,82.3 1 0
github.com/yonahd/kor/pkg/kor/slack.go:85.61,87.16 2 1
github.com/yonahd/kor/pkg/kor/slack.go:87.16,89.3 1 0
github.com/yonahd/kor/pkg/kor/slack.go:91.2,95.16 4 1
github.com/yonahd/kor/pkg/kor/slack.go:95.16,97.3 1 0
github.com/yonahd/kor/pkg/kor/slack.go:98.2,101.16 3 1
github.com/yonahd/kor/pkg/kor/slack.go:101.16,103.3 1 0
github.com/yonahd/kor/pkg/kor/slack.go:105.2,105.28 1 1
github.com/yonahd/kor/pkg/kor/statefulsets.go:16.132,18.16 2 1
github.com/yonahd/kor/pkg/kor/statefulsets.go:18.16,20.3 1 0
github.com/yonahd/kor/pkg/kor/statefulsets.go:22.2,24.53 2 1
github.com/yonahd/kor/pkg/kor/statefulsets.go:24.53,25.46 1 1
github.com/yonahd/kor/pkg/kor/statefulsets.go:25.46,26.12 1 0
github.com/yonahd/kor/pkg/kor/statefulsets.go:29.3,29.38 1 1
github.com/yonahd/kor/pkg/kor/statefulsets.go:29.38,31.4 1 1
github.com/yonahd/kor/pkg/kor/statefulsets.go:34.2,34.41 1 1
github.com/yonahd/kor/pkg/kor/statefulsets.go:37.137,42.39 4 1
github.com/yonahd/kor/pkg/kor/statefulsets.go:42.39,44.17 2 1
github.com/yonahd/kor/pkg/kor/statefulsets.go:44.17,46.12 2 0
github.com/yonahd/kor/pkg/kor/statefulsets.go:48.3,48.22 1 1
github.com/yonahd/kor/pkg/kor/statefulsets.go:48.22,49.109 1 0
github.com/yonahd/kor/pkg/kor/statefulsets.go:49.109,51.5 1 0
github.com/yonahd/kor/pkg/kor/statefulsets.go:53.3,54.19 2 1
github.com/yonahd/kor/pkg/kor/statefulsets.go:54.19,61.4 5 1
github.com/yonahd/kor/pkg/kor/statefulsets.go:64.2,65.16 2 1
github.com/yonahd/kor/pkg/kor/statefulsets.go:65.16,67.3 1 0
github.com/yonahd/kor/pkg/kor/statefulsets.go:69.2,70.16 2 1
github.com/yonahd/kor/pkg/kor/statefulsets.go:70.16,72.3 1 0
github.com/yonahd/kor/pkg/kor/statefulsets.go:74.2,74.32 1 1
